<?xml version="1.0" encoding="UTF-8"?>
<!-- Generated by org.testng.reporters.JUnitXMLReporter -->
<testsuite ignored="0" hostname="Shails-MacBook-Pro.local" failures="1" tests="1" name="Test" time="10.096" errors="0" timestamp="2023-06-30T14:12:57 IST">
  <testcase classname="Practice.TestNgEx" name="createContact" time="5.281">
    <failure type="java.lang.AssertionError" message="expected [true] but found [false]">
      <![CDATA[java.lang.AssertionError: expected [true] but found [false]
at Practice.TestNgEx.createContact(TestNgEx.java:35)
at java.base/java.util.ArrayList.forEach(ArrayList.java:1511)
... Removed 34 stack frames]]>
    </failure>
  </testcase> <!-- createContact -->
</testsuite> <!-- Test -->
